/*C2*/SET SCHEMA PUBLIC
INSERT INTO FILDISCUSSION VALUES(12,'2018-02-09 16:49:57.061000',0,NULL,NULL)
ALTER SEQUENCE PUBLIC.HIBERNATE_SEQUENCE RESTART WITH 13
COMMIT
INSERT INTO POST VALUES(13,'xddgsdgvs','2018-02-09 16:50:07.768000',12,NULL)
ALTER SEQUENCE PUBLIC.HIBERNATE_SEQUENCE RESTART WITH 14
COMMIT
INSERT INTO FILDISCUSSION VALUES(14,'2018-02-09 16:50:08.187000',0,NULL,NULL)
ALTER SEQUENCE PUBLIC.HIBERNATE_SEQUENCE RESTART WITH 15
COMMIT
INSERT INTO FILDISCUSSION VALUES(15,'2018-02-09 16:50:40.878000',0,NULL,NULL)
ALTER SEQUENCE PUBLIC.HIBERNATE_SEQUENCE RESTART WITH 16
COMMIT
INSERT INTO POST VALUES(16,'je suis trop baleze','2018-02-09 16:50:51.378000',15,NULL)
ALTER SEQUENCE PUBLIC.HIBERNATE_SEQUENCE RESTART WITH 17
COMMIT
INSERT INTO FILDISCUSSION VALUES(17,'2018-02-09 16:50:51.395000',0,NULL,NULL)
ALTER SEQUENCE PUBLIC.HIBERNATE_SEQUENCE RESTART WITH 18
COMMIT
INSERT INTO POST VALUES(18,'aaaaaaaaaaaaaaaaaaaaaaaaaaaaaaaaaa','2018-02-09 16:50:55.991000',17,NULL)
ALTER SEQUENCE PUBLIC.HIBERNATE_SEQUENCE RESTART WITH 19
COMMIT
INSERT INTO FILDISCUSSION VALUES(19,'2018-02-09 16:50:55.999000',0,NULL,NULL)
ALTER SEQUENCE PUBLIC.HIBERNATE_SEQUENCE RESTART WITH 20
COMMIT
